ERROR - 2025-09-09 22:47:18 --> Error connecting to the database: mysqli_sql_exception: Nenhuma conexão pôde ser feita porque a máquina de destino as recusou ativamente in C:\Users\arthu\Downloads\PROG4-Projetofinal\API\system\Database\MySQLi\Connection.php:201
Stack trace:
#0 C:\Users\arthu\Downloads\PROG4-Projetofinal\API\system\Database\MySQLi\Connection.php(201): mysqli->real_connect()
#1 C:\Users\arthu\Downloads\PROG4-Projetofinal\API\system\Database\BaseConnection.php(419): CodeIgniter\Database\MySQLi\Connection->connect()
#2 C:\Users\arthu\Downloads\PROG4-Projetofinal\API\system\Database\BaseConnection.php(614): CodeIgniter\Database\BaseConnection->initialize()
#3 C:\Users\arthu\Downloads\PROG4-Projetofinal\API\system\Database\BaseConnection.php(1525): CodeIgniter\Database\BaseConnection->query()
#4 C:\Users\arthu\Downloads\PROG4-Projetofinal\API\system\Database\BaseConnection.php(1545): CodeIgniter\Database\BaseConnection->listTables()
#5 C:\Users\arthu\Downloads\PROG4-Projetofinal\API\system\Database\MigrationRunner.php(768): CodeIgniter\Database\BaseConnection->tableExists()
#6 C:\Users\arthu\Downloads\PROG4-Projetofinal\API\system\Database\MigrationRunner.php(162): CodeIgniter\Database\MigrationRunner->ensureTable()
#7 C:\Users\arthu\Downloads\PROG4-Projetofinal\API\system\Commands\Database\Migrate.php(85): CodeIgniter\Database\MigrationRunner->latest()
#8 C:\Users\arthu\Downloads\PROG4-Projetofinal\API\system\CLI\Commands.php(74): CodeIgniter\Commands\Database\Migrate->run()
#9 C:\Users\arthu\Downloads\PROG4-Projetofinal\API\system\CLI\Console.php(47): CodeIgniter\CLI\Commands->run()
#10 C:\Users\arthu\Downloads\PROG4-Projetofinal\API\system\Boot.php(388): CodeIgniter\CLI\Console->run()
#11 C:\Users\arthu\Downloads\PROG4-Projetofinal\API\system\Boot.php(133): CodeIgniter\Boot::runCommand()
#12 C:\Users\arthu\Downloads\PROG4-Projetofinal\API\spark(87): CodeIgniter\Boot::bootSpark()
#13 {main}

Next CodeIgniter\Database\Exceptions\DatabaseException: Nenhuma conexão pôde ser feita porque a máquina de destino as recusou ativamente in C:\Users\arthu\Downloads\PROG4-Projetofinal\API\system\Database\MySQLi\Connection.php:246
Stack trace:
#0 C:\Users\arthu\Downloads\PROG4-Projetofinal\API\system\Database\BaseConnection.php(419): CodeIgniter\Database\MySQLi\Connection->connect()
#1 C:\Users\arthu\Downloads\PROG4-Projetofinal\API\system\Database\BaseConnection.php(614): CodeIgniter\Database\BaseConnection->initialize()
#2 C:\Users\arthu\Downloads\PROG4-Projetofinal\API\system\Database\BaseConnection.php(1525): CodeIgniter\Database\BaseConnection->query()
#3 C:\Users\arthu\Downloads\PROG4-Projetofinal\API\system\Database\BaseConnection.php(1545): CodeIgniter\Database\BaseConnection->listTables()
#4 C:\Users\arthu\Downloads\PROG4-Projetofinal\API\system\Database\MigrationRunner.php(768): CodeIgniter\Database\BaseConnection->tableExists()
#5 C:\Users\arthu\Downloads\PROG4-Projetofinal\API\system\Database\MigrationRunner.php(162): CodeIgniter\Database\MigrationRunner->ensureTable()
#6 C:\Users\arthu\Downloads\PROG4-Projetofinal\API\system\Commands\Database\Migrate.php(85): CodeIgniter\Database\MigrationRunner->latest()
#7 C:\Users\arthu\Downloads\PROG4-Projetofinal\API\system\CLI\Commands.php(74): CodeIgniter\Commands\Database\Migrate->run()
#8 C:\Users\arthu\Downloads\PROG4-Projetofinal\API\system\CLI\Console.php(47): CodeIgniter\CLI\Commands->run()
#9 C:\Users\arthu\Downloads\PROG4-Projetofinal\API\system\Boot.php(388): CodeIgniter\CLI\Console->run()
#10 C:\Users\arthu\Downloads\PROG4-Projetofinal\API\system\Boot.php(133): CodeIgniter\Boot::runCommand()
#11 C:\Users\arthu\Downloads\PROG4-Projetofinal\API\spark(87): CodeIgniter\Boot::bootSpark()
#12 {main}
ERROR - 2025-09-09 22:47:46 --> Error connecting to the database: mysqli_sql_exception: Access denied for user ''@'localhost' (using password: NO) in C:\Users\arthu\Downloads\PROG4-Projetofinal\API\system\Database\MySQLi\Connection.php:201
Stack trace:
#0 C:\Users\arthu\Downloads\PROG4-Projetofinal\API\system\Database\MySQLi\Connection.php(201): mysqli->real_connect()
#1 C:\Users\arthu\Downloads\PROG4-Projetofinal\API\system\Database\BaseConnection.php(419): CodeIgniter\Database\MySQLi\Connection->connect()
#2 C:\Users\arthu\Downloads\PROG4-Projetofinal\API\system\Database\BaseConnection.php(614): CodeIgniter\Database\BaseConnection->initialize()
#3 C:\Users\arthu\Downloads\PROG4-Projetofinal\API\system\Database\BaseConnection.php(1525): CodeIgniter\Database\BaseConnection->query()
#4 C:\Users\arthu\Downloads\PROG4-Projetofinal\API\system\Database\BaseConnection.php(1545): CodeIgniter\Database\BaseConnection->listTables()
#5 C:\Users\arthu\Downloads\PROG4-Projetofinal\API\system\Database\MigrationRunner.php(768): CodeIgniter\Database\BaseConnection->tableExists()
#6 C:\Users\arthu\Downloads\PROG4-Projetofinal\API\system\Database\MigrationRunner.php(162): CodeIgniter\Database\MigrationRunner->ensureTable()
#7 C:\Users\arthu\Downloads\PROG4-Projetofinal\API\system\Commands\Database\Migrate.php(85): CodeIgniter\Database\MigrationRunner->latest()
#8 C:\Users\arthu\Downloads\PROG4-Projetofinal\API\system\CLI\Commands.php(74): CodeIgniter\Commands\Database\Migrate->run()
#9 C:\Users\arthu\Downloads\PROG4-Projetofinal\API\system\CLI\Console.php(47): CodeIgniter\CLI\Commands->run()
#10 C:\Users\arthu\Downloads\PROG4-Projetofinal\API\system\Boot.php(388): CodeIgniter\CLI\Console->run()
#11 C:\Users\arthu\Downloads\PROG4-Projetofinal\API\system\Boot.php(133): CodeIgniter\Boot::runCommand()
#12 C:\Users\arthu\Downloads\PROG4-Projetofinal\API\spark(87): CodeIgniter\Boot::bootSpark()
#13 {main}

Next CodeIgniter\Database\Exceptions\DatabaseException: Access denied for user ''@'localhost' (using password: NO) in C:\Users\arthu\Downloads\PROG4-Projetofinal\API\system\Database\MySQLi\Connection.php:246
Stack trace:
#0 C:\Users\arthu\Downloads\PROG4-Projetofinal\API\system\Database\BaseConnection.php(419): CodeIgniter\Database\MySQLi\Connection->connect()
#1 C:\Users\arthu\Downloads\PROG4-Projetofinal\API\system\Database\BaseConnection.php(614): CodeIgniter\Database\BaseConnection->initialize()
#2 C:\Users\arthu\Downloads\PROG4-Projetofinal\API\system\Database\BaseConnection.php(1525): CodeIgniter\Database\BaseConnection->query()
#3 C:\Users\arthu\Downloads\PROG4-Projetofinal\API\system\Database\BaseConnection.php(1545): CodeIgniter\Database\BaseConnection->listTables()
#4 C:\Users\arthu\Downloads\PROG4-Projetofinal\API\system\Database\MigrationRunner.php(768): CodeIgniter\Database\BaseConnection->tableExists()
#5 C:\Users\arthu\Downloads\PROG4-Projetofinal\API\system\Database\MigrationRunner.php(162): CodeIgniter\Database\MigrationRunner->ensureTable()
#6 C:\Users\arthu\Downloads\PROG4-Projetofinal\API\system\Commands\Database\Migrate.php(85): CodeIgniter\Database\MigrationRunner->latest()
#7 C:\Users\arthu\Downloads\PROG4-Projetofinal\API\system\CLI\Commands.php(74): CodeIgniter\Commands\Database\Migrate->run()
#8 C:\Users\arthu\Downloads\PROG4-Projetofinal\API\system\CLI\Console.php(47): CodeIgniter\CLI\Commands->run()
#9 C:\Users\arthu\Downloads\PROG4-Projetofinal\API\system\Boot.php(388): CodeIgniter\CLI\Console->run()
#10 C:\Users\arthu\Downloads\PROG4-Projetofinal\API\system\Boot.php(133): CodeIgniter\Boot::runCommand()
#11 C:\Users\arthu\Downloads\PROG4-Projetofinal\API\spark(87): CodeIgniter\Boot::bootSpark()
#12 {main}
ERROR - 2025-09-09 22:49:13 --> Error connecting to the database: mysqli_sql_exception: Access denied for user ''@'localhost' (using password: NO) in C:\Users\arthu\Downloads\PROG4-Projetofinal\API\system\Database\MySQLi\Connection.php:201
Stack trace:
#0 C:\Users\arthu\Downloads\PROG4-Projetofinal\API\system\Database\MySQLi\Connection.php(201): mysqli->real_connect()
#1 C:\Users\arthu\Downloads\PROG4-Projetofinal\API\system\Database\BaseConnection.php(419): CodeIgniter\Database\MySQLi\Connection->connect()
#2 C:\Users\arthu\Downloads\PROG4-Projetofinal\API\system\Database\BaseConnection.php(614): CodeIgniter\Database\BaseConnection->initialize()
#3 C:\Users\arthu\Downloads\PROG4-Projetofinal\API\system\Database\BaseConnection.php(1525): CodeIgniter\Database\BaseConnection->query()
#4 C:\Users\arthu\Downloads\PROG4-Projetofinal\API\system\Database\BaseConnection.php(1545): CodeIgniter\Database\BaseConnection->listTables()
#5 C:\Users\arthu\Downloads\PROG4-Projetofinal\API\system\Database\MigrationRunner.php(768): CodeIgniter\Database\BaseConnection->tableExists()
#6 C:\Users\arthu\Downloads\PROG4-Projetofinal\API\system\Database\MigrationRunner.php(162): CodeIgniter\Database\MigrationRunner->ensureTable()
#7 C:\Users\arthu\Downloads\PROG4-Projetofinal\API\system\Commands\Database\Migrate.php(85): CodeIgniter\Database\MigrationRunner->latest()
#8 C:\Users\arthu\Downloads\PROG4-Projetofinal\API\system\CLI\Commands.php(74): CodeIgniter\Commands\Database\Migrate->run()
#9 C:\Users\arthu\Downloads\PROG4-Projetofinal\API\system\CLI\Console.php(47): CodeIgniter\CLI\Commands->run()
#10 C:\Users\arthu\Downloads\PROG4-Projetofinal\API\system\Boot.php(388): CodeIgniter\CLI\Console->run()
#11 C:\Users\arthu\Downloads\PROG4-Projetofinal\API\system\Boot.php(133): CodeIgniter\Boot::runCommand()
#12 C:\Users\arthu\Downloads\PROG4-Projetofinal\API\spark(87): CodeIgniter\Boot::bootSpark()
#13 {main}

Next CodeIgniter\Database\Exceptions\DatabaseException: Access denied for user ''@'localhost' (using password: NO) in C:\Users\arthu\Downloads\PROG4-Projetofinal\API\system\Database\MySQLi\Connection.php:246
Stack trace:
#0 C:\Users\arthu\Downloads\PROG4-Projetofinal\API\system\Database\BaseConnection.php(419): CodeIgniter\Database\MySQLi\Connection->connect()
#1 C:\Users\arthu\Downloads\PROG4-Projetofinal\API\system\Database\BaseConnection.php(614): CodeIgniter\Database\BaseConnection->initialize()
#2 C:\Users\arthu\Downloads\PROG4-Projetofinal\API\system\Database\BaseConnection.php(1525): CodeIgniter\Database\BaseConnection->query()
#3 C:\Users\arthu\Downloads\PROG4-Projetofinal\API\system\Database\BaseConnection.php(1545): CodeIgniter\Database\BaseConnection->listTables()
#4 C:\Users\arthu\Downloads\PROG4-Projetofinal\API\system\Database\MigrationRunner.php(768): CodeIgniter\Database\BaseConnection->tableExists()
#5 C:\Users\arthu\Downloads\PROG4-Projetofinal\API\system\Database\MigrationRunner.php(162): CodeIgniter\Database\MigrationRunner->ensureTable()
#6 C:\Users\arthu\Downloads\PROG4-Projetofinal\API\system\Commands\Database\Migrate.php(85): CodeIgniter\Database\MigrationRunner->latest()
#7 C:\Users\arthu\Downloads\PROG4-Projetofinal\API\system\CLI\Commands.php(74): CodeIgniter\Commands\Database\Migrate->run()
#8 C:\Users\arthu\Downloads\PROG4-Projetofinal\API\system\CLI\Console.php(47): CodeIgniter\CLI\Commands->run()
#9 C:\Users\arthu\Downloads\PROG4-Projetofinal\API\system\Boot.php(388): CodeIgniter\CLI\Console->run()
#10 C:\Users\arthu\Downloads\PROG4-Projetofinal\API\system\Boot.php(133): CodeIgniter\Boot::runCommand()
#11 C:\Users\arthu\Downloads\PROG4-Projetofinal\API\spark(87): CodeIgniter\Boot::bootSpark()
#12 {main}
ERROR - 2025-09-09 22:51:35 --> Error connecting to the database: mysqli_sql_exception: Unknown database 'tagscribe' in C:\Users\arthu\Downloads\PROG4-Projetofinal\API\system\Database\MySQLi\Connection.php:201
Stack trace:
#0 C:\Users\arthu\Downloads\PROG4-Projetofinal\API\system\Database\MySQLi\Connection.php(201): mysqli->real_connect()
#1 C:\Users\arthu\Downloads\PROG4-Projetofinal\API\system\Database\BaseConnection.php(419): CodeIgniter\Database\MySQLi\Connection->connect()
#2 C:\Users\arthu\Downloads\PROG4-Projetofinal\API\system\Database\BaseConnection.php(614): CodeIgniter\Database\BaseConnection->initialize()
#3 C:\Users\arthu\Downloads\PROG4-Projetofinal\API\system\Database\BaseConnection.php(1525): CodeIgniter\Database\BaseConnection->query()
#4 C:\Users\arthu\Downloads\PROG4-Projetofinal\API\system\Database\BaseConnection.php(1545): CodeIgniter\Database\BaseConnection->listTables()
#5 C:\Users\arthu\Downloads\PROG4-Projetofinal\API\system\Database\MigrationRunner.php(768): CodeIgniter\Database\BaseConnection->tableExists()
#6 C:\Users\arthu\Downloads\PROG4-Projetofinal\API\system\Database\MigrationRunner.php(162): CodeIgniter\Database\MigrationRunner->ensureTable()
#7 C:\Users\arthu\Downloads\PROG4-Projetofinal\API\system\Commands\Database\Migrate.php(85): CodeIgniter\Database\MigrationRunner->latest()
#8 C:\Users\arthu\Downloads\PROG4-Projetofinal\API\system\CLI\Commands.php(74): CodeIgniter\Commands\Database\Migrate->run()
#9 C:\Users\arthu\Downloads\PROG4-Projetofinal\API\system\CLI\Console.php(47): CodeIgniter\CLI\Commands->run()
#10 C:\Users\arthu\Downloads\PROG4-Projetofinal\API\system\Boot.php(388): CodeIgniter\CLI\Console->run()
#11 C:\Users\arthu\Downloads\PROG4-Projetofinal\API\system\Boot.php(133): CodeIgniter\Boot::runCommand()
#12 C:\Users\arthu\Downloads\PROG4-Projetofinal\API\spark(87): CodeIgniter\Boot::bootSpark()
#13 {main}

Next CodeIgniter\Database\Exceptions\DatabaseException: Unknown database 'tagscribe' in C:\Users\arthu\Downloads\PROG4-Projetofinal\API\system\Database\MySQLi\Connection.php:246
Stack trace:
#0 C:\Users\arthu\Downloads\PROG4-Projetofinal\API\system\Database\BaseConnection.php(419): CodeIgniter\Database\MySQLi\Connection->connect()
#1 C:\Users\arthu\Downloads\PROG4-Projetofinal\API\system\Database\BaseConnection.php(614): CodeIgniter\Database\BaseConnection->initialize()
#2 C:\Users\arthu\Downloads\PROG4-Projetofinal\API\system\Database\BaseConnection.php(1525): CodeIgniter\Database\BaseConnection->query()
#3 C:\Users\arthu\Downloads\PROG4-Projetofinal\API\system\Database\BaseConnection.php(1545): CodeIgniter\Database\BaseConnection->listTables()
#4 C:\Users\arthu\Downloads\PROG4-Projetofinal\API\system\Database\MigrationRunner.php(768): CodeIgniter\Database\BaseConnection->tableExists()
#5 C:\Users\arthu\Downloads\PROG4-Projetofinal\API\system\Database\MigrationRunner.php(162): CodeIgniter\Database\MigrationRunner->ensureTable()
#6 C:\Users\arthu\Downloads\PROG4-Projetofinal\API\system\Commands\Database\Migrate.php(85): CodeIgniter\Database\MigrationRunner->latest()
#7 C:\Users\arthu\Downloads\PROG4-Projetofinal\API\system\CLI\Commands.php(74): CodeIgniter\Commands\Database\Migrate->run()
#8 C:\Users\arthu\Downloads\PROG4-Projetofinal\API\system\CLI\Console.php(47): CodeIgniter\CLI\Commands->run()
#9 C:\Users\arthu\Downloads\PROG4-Projetofinal\API\system\Boot.php(388): CodeIgniter\CLI\Console->run()
#10 C:\Users\arthu\Downloads\PROG4-Projetofinal\API\system\Boot.php(133): CodeIgniter\Boot::runCommand()
#11 C:\Users\arthu\Downloads\PROG4-Projetofinal\API\spark(87): CodeIgniter\Boot::bootSpark()
#12 {main}
ERROR - 2025-09-09 22:57:05 --> mysqli_sql_exception: Incorrect column name 'id_tag ' in C:\Users\arthu\Downloads\PROG4-Projetofinal\API\system\Database\MySQLi\Connection.php:327
Stack trace:
#0 C:\Users\arthu\Downloads\PROG4-Projetofinal\API\system\Database\MySQLi\Connection.php(327): mysqli->query()
#1 C:\Users\arthu\Downloads\PROG4-Projetofinal\API\system\Database\BaseConnection.php(729): CodeIgniter\Database\MySQLi\Connection->execute()
#2 C:\Users\arthu\Downloads\PROG4-Projetofinal\API\system\Database\BaseConnection.php(646): CodeIgniter\Database\BaseConnection->simpleQuery()
#3 C:\Users\arthu\Downloads\PROG4-Projetofinal\API\system\Database\Forge.php(570): CodeIgniter\Database\BaseConnection->query()
#4 C:\Users\arthu\Downloads\PROG4-Projetofinal\API\app\Database\Migrations\2025-09-08-000002_FileTags.php(17): CodeIgniter\Database\Forge->createTable()
#5 C:\Users\arthu\Downloads\PROG4-Projetofinal\API\system\Database\MigrationRunner.php(876): App\Database\Migrations\FileTags->up()
#6 C:\Users\arthu\Downloads\PROG4-Projetofinal\API\system\Database\MigrationRunner.php(182): CodeIgniter\Database\MigrationRunner->migrate()
#7 C:\Users\arthu\Downloads\PROG4-Projetofinal\API\system\Commands\Database\Migrate.php(85): CodeIgniter\Database\MigrationRunner->latest()
#8 C:\Users\arthu\Downloads\PROG4-Projetofinal\API\system\CLI\Commands.php(74): CodeIgniter\Commands\Database\Migrate->run()
#9 C:\Users\arthu\Downloads\PROG4-Projetofinal\API\system\CLI\Console.php(47): CodeIgniter\CLI\Commands->run()
#10 C:\Users\arthu\Downloads\PROG4-Projetofinal\API\system\Boot.php(388): CodeIgniter\CLI\Console->run()
#11 C:\Users\arthu\Downloads\PROG4-Projetofinal\API\system\Boot.php(133): CodeIgniter\Boot::runCommand()
#12 C:\Users\arthu\Downloads\PROG4-Projetofinal\API\spark(87): CodeIgniter\Boot::bootSpark()
#13 {main}
ERROR - 2025-09-09 22:58:36 --> mysqli_sql_exception: Incorrect column name 'id_tag ' in C:\Users\arthu\Downloads\PROG4-Projetofinal\API\system\Database\MySQLi\Connection.php:327
Stack trace:
#0 C:\Users\arthu\Downloads\PROG4-Projetofinal\API\system\Database\MySQLi\Connection.php(327): mysqli->query()
#1 C:\Users\arthu\Downloads\PROG4-Projetofinal\API\system\Database\BaseConnection.php(729): CodeIgniter\Database\MySQLi\Connection->execute()
#2 C:\Users\arthu\Downloads\PROG4-Projetofinal\API\system\Database\BaseConnection.php(646): CodeIgniter\Database\BaseConnection->simpleQuery()
#3 C:\Users\arthu\Downloads\PROG4-Projetofinal\API\system\Database\Forge.php(570): CodeIgniter\Database\BaseConnection->query()
#4 C:\Users\arthu\Downloads\PROG4-Projetofinal\API\app\Database\Migrations\2025-09-08-000003_FileTags.php(17): CodeIgniter\Database\Forge->createTable()
#5 C:\Users\arthu\Downloads\PROG4-Projetofinal\API\system\Database\MigrationRunner.php(876): App\Database\Migrations\FileTags->up()
#6 C:\Users\arthu\Downloads\PROG4-Projetofinal\API\system\Database\MigrationRunner.php(182): CodeIgniter\Database\MigrationRunner->migrate()
#7 C:\Users\arthu\Downloads\PROG4-Projetofinal\API\system\Commands\Database\Migrate.php(85): CodeIgniter\Database\MigrationRunner->latest()
#8 C:\Users\arthu\Downloads\PROG4-Projetofinal\API\system\CLI\Commands.php(74): CodeIgniter\Commands\Database\Migrate->run()
#9 C:\Users\arthu\Downloads\PROG4-Projetofinal\API\system\CLI\Console.php(47): CodeIgniter\CLI\Commands->run()
#10 C:\Users\arthu\Downloads\PROG4-Projetofinal\API\system\Boot.php(388): CodeIgniter\CLI\Console->run()
#11 C:\Users\arthu\Downloads\PROG4-Projetofinal\API\system\Boot.php(133): CodeIgniter\Boot::runCommand()
#12 C:\Users\arthu\Downloads\PROG4-Projetofinal\API\spark(87): CodeIgniter\Boot::bootSpark()
#13 {main}
ERROR - 2025-09-09 22:59:06 --> mysqli_sql_exception: Incorrect column name 'id_tag ' in C:\Users\arthu\Downloads\PROG4-Projetofinal\API\system\Database\MySQLi\Connection.php:327
Stack trace:
#0 C:\Users\arthu\Downloads\PROG4-Projetofinal\API\system\Database\MySQLi\Connection.php(327): mysqli->query()
#1 C:\Users\arthu\Downloads\PROG4-Projetofinal\API\system\Database\BaseConnection.php(729): CodeIgniter\Database\MySQLi\Connection->execute()
#2 C:\Users\arthu\Downloads\PROG4-Projetofinal\API\system\Database\BaseConnection.php(646): CodeIgniter\Database\BaseConnection->simpleQuery()
#3 C:\Users\arthu\Downloads\PROG4-Projetofinal\API\system\Database\Forge.php(570): CodeIgniter\Database\BaseConnection->query()
#4 C:\Users\arthu\Downloads\PROG4-Projetofinal\API\app\Database\Migrations\2025-09-08-000003_FileTags.php(17): CodeIgniter\Database\Forge->createTable()
#5 C:\Users\arthu\Downloads\PROG4-Projetofinal\API\system\Database\MigrationRunner.php(876): App\Database\Migrations\FileTags->up()
#6 C:\Users\arthu\Downloads\PROG4-Projetofinal\API\system\Database\MigrationRunner.php(182): CodeIgniter\Database\MigrationRunner->migrate()
#7 C:\Users\arthu\Downloads\PROG4-Projetofinal\API\system\Commands\Database\Migrate.php(85): CodeIgniter\Database\MigrationRunner->latest()
#8 C:\Users\arthu\Downloads\PROG4-Projetofinal\API\system\CLI\Commands.php(74): CodeIgniter\Commands\Database\Migrate->run()
#9 C:\Users\arthu\Downloads\PROG4-Projetofinal\API\system\CLI\Console.php(47): CodeIgniter\CLI\Commands->run()
#10 C:\Users\arthu\Downloads\PROG4-Projetofinal\API\system\Boot.php(388): CodeIgniter\CLI\Console->run()
#11 C:\Users\arthu\Downloads\PROG4-Projetofinal\API\system\Boot.php(133): CodeIgniter\Boot::runCommand()
#12 C:\Users\arthu\Downloads\PROG4-Projetofinal\API\spark(87): CodeIgniter\Boot::bootSpark()
#13 {main}
ERROR - 2025-09-09 23:00:03 --> mysqli_sql_exception: Incorrect column name 'id_tag ' in C:\Users\arthu\Downloads\PROG4-Projetofinal\API\system\Database\MySQLi\Connection.php:327
Stack trace:
#0 C:\Users\arthu\Downloads\PROG4-Projetofinal\API\system\Database\MySQLi\Connection.php(327): mysqli->query()
#1 C:\Users\arthu\Downloads\PROG4-Projetofinal\API\system\Database\BaseConnection.php(729): CodeIgniter\Database\MySQLi\Connection->execute()
#2 C:\Users\arthu\Downloads\PROG4-Projetofinal\API\system\Database\BaseConnection.php(646): CodeIgniter\Database\BaseConnection->simpleQuery()
#3 C:\Users\arthu\Downloads\PROG4-Projetofinal\API\system\Database\Forge.php(570): CodeIgniter\Database\BaseConnection->query()
#4 C:\Users\arthu\Downloads\PROG4-Projetofinal\API\app\Database\Migrations\2025-09-08-000003_FileTags.php(17): CodeIgniter\Database\Forge->createTable()
#5 C:\Users\arthu\Downloads\PROG4-Projetofinal\API\system\Database\MigrationRunner.php(876): App\Database\Migrations\FileTags->up()
#6 C:\Users\arthu\Downloads\PROG4-Projetofinal\API\system\Database\MigrationRunner.php(182): CodeIgniter\Database\MigrationRunner->migrate()
#7 C:\Users\arthu\Downloads\PROG4-Projetofinal\API\system\Commands\Database\Migrate.php(85): CodeIgniter\Database\MigrationRunner->latest()
#8 C:\Users\arthu\Downloads\PROG4-Projetofinal\API\system\CLI\Commands.php(74): CodeIgniter\Commands\Database\Migrate->run()
#9 C:\Users\arthu\Downloads\PROG4-Projetofinal\API\system\CLI\Console.php(47): CodeIgniter\CLI\Commands->run()
#10 C:\Users\arthu\Downloads\PROG4-Projetofinal\API\system\Boot.php(388): CodeIgniter\CLI\Console->run()
#11 C:\Users\arthu\Downloads\PROG4-Projetofinal\API\system\Boot.php(133): CodeIgniter\Boot::runCommand()
#12 C:\Users\arthu\Downloads\PROG4-Projetofinal\API\spark(87): CodeIgniter\Boot::bootSpark()
#13 {main}
